<?xml version="1.0" encoding="UTF-8"?>
<testsuite xmlns:xsi="http://www.w3.org/2001/XMLSchema-instance" xsi:noNamespaceSchemaLocation="https://maven.apache.org/surefire/maven-surefire-plugin/xsd/surefire-test-report.xsd" name="runners.Runner" time="126.75" tests="10" errors="1" skipped="0" failures="1">
  <properties>
    <property name="java.specification.version" value="18"/>
    <property name="sun.jnu.encoding" value="UTF-8"/>
    <property name="java.class.path" value="/Users/reginabiktimirova/IdeaProjects/cucumber_framework/target/test-classes:/Users/reginabiktimirova/IdeaProjects/cucumber_framework/target/classes:/Users/reginabiktimirova/.m2/repository/org/seleniumhq/selenium/selenium-java/3.141.59/selenium-java-3.141.59.jar:/Users/reginabiktimirova/.m2/repository/org/seleniumhq/selenium/selenium-api/3.141.59/selenium-api-3.141.59.jar:/Users/reginabiktimirova/.m2/repository/org/seleniumhq/selenium/selenium-chrome-driver/3.141.59/selenium-chrome-driver-3.141.59.jar:/Users/reginabiktimirova/.m2/repository/org/seleniumhq/selenium/selenium-edge-driver/3.141.59/selenium-edge-driver-3.141.59.jar:/Users/reginabiktimirova/.m2/repository/org/seleniumhq/selenium/selenium-firefox-driver/3.141.59/selenium-firefox-driver-3.141.59.jar:/Users/reginabiktimirova/.m2/repository/org/seleniumhq/selenium/selenium-ie-driver/3.141.59/selenium-ie-driver-3.141.59.jar:/Users/reginabiktimirova/.m2/repository/org/seleniumhq/selenium/selenium-opera-driver/3.141.59/selenium-opera-driver-3.141.59.jar:/Users/reginabiktimirova/.m2/repository/org/seleniumhq/selenium/selenium-remote-driver/3.141.59/selenium-remote-driver-3.141.59.jar:/Users/reginabiktimirova/.m2/repository/org/seleniumhq/selenium/selenium-safari-driver/3.141.59/selenium-safari-driver-3.141.59.jar:/Users/reginabiktimirova/.m2/repository/org/seleniumhq/selenium/selenium-support/3.141.59/selenium-support-3.141.59.jar:/Users/reginabiktimirova/.m2/repository/net/bytebuddy/byte-buddy/1.8.15/byte-buddy-1.8.15.jar:/Users/reginabiktimirova/.m2/repository/org/apache/commons/commons-exec/1.3/commons-exec-1.3.jar:/Users/reginabiktimirova/.m2/repository/com/google/guava/guava/25.0-jre/guava-25.0-jre.jar:/Users/reginabiktimirova/.m2/repository/com/google/code/findbugs/jsr305/1.3.9/jsr305-1.3.9.jar:/Users/reginabiktimirova/.m2/repository/org/checkerframework/checker-compat-qual/2.0.0/checker-compat-qual-2.0.0.jar:/Users/reginabiktimirova/.m2/repository/com/google/errorprone/error_prone_annotations/2.1.3/error_prone_annotations-2.1.3.jar:/Users/reginabiktimirova/.m2/repository/com/google/j2objc/j2objc-annotations/1.1/j2objc-annotations-1.1.jar:/Users/reginabiktimirova/.m2/repository/org/codehaus/mojo/animal-sniffer-annotations/1.14/animal-sniffer-annotations-1.14.jar:/Users/reginabiktimirova/.m2/repository/com/squareup/okhttp3/okhttp/3.11.0/okhttp-3.11.0.jar:/Users/reginabiktimirova/.m2/repository/com/squareup/okio/okio/1.14.0/okio-1.14.0.jar:/Users/reginabiktimirova/.m2/repository/io/github/bonigarcia/webdrivermanager/3.8.1/webdrivermanager-3.8.1.jar:/Users/reginabiktimirova/.m2/repository/org/slf4j/slf4j-api/1.7.25/slf4j-api-1.7.25.jar:/Users/reginabiktimirova/.m2/repository/commons-io/commons-io/2.6/commons-io-2.6.jar:/Users/reginabiktimirova/.m2/repository/com/google/code/gson/gson/2.8.5/gson-2.8.5.jar:/Users/reginabiktimirova/.m2/repository/org/apache/commons/commons-lang3/3.8.1/commons-lang3-3.8.1.jar:/Users/reginabiktimirova/.m2/repository/org/apache/httpcomponents/httpclient/4.5.6/httpclient-4.5.6.jar:/Users/reginabiktimirova/.m2/repository/org/apache/httpcomponents/httpcore/4.4.10/httpcore-4.4.10.jar:/Users/reginabiktimirova/.m2/repository/commons-logging/commons-logging/1.2/commons-logging-1.2.jar:/Users/reginabiktimirova/.m2/repository/commons-codec/commons-codec/1.10/commons-codec-1.10.jar:/Users/reginabiktimirova/.m2/repository/org/rauschig/jarchivelib/1.0.0/jarchivelib-1.0.0.jar:/Users/reginabiktimirova/.m2/repository/org/apache/commons/commons-compress/1.18/commons-compress-1.18.jar:/Users/reginabiktimirova/.m2/repository/org/jsoup/jsoup/1.11.3/jsoup-1.11.3.jar:/Users/reginabiktimirova/.m2/repository/net/sourceforge/htmlunit/webdriver/2.6/webdriver-2.6.jar:/Users/reginabiktimirova/.m2/repository/org/seleniumhq/webdriver/webdriver-common/0.9.7089/webdriver-common-0.9.7089.jar:/Users/reginabiktimirova/.m2/repository/net/sourceforge/htmlunit/htmlunit/2.6/htmlunit-2.6.jar:/Users/reginabiktimirova/.m2/repository/xalan/xalan/2.7.1/xalan-2.7.1.jar:/Users/reginabiktimirova/.m2/repository/xalan/serializer/2.7.1/serializer-2.7.1.jar:/Users/reginabiktimirova/.m2/repository/commons-collections/commons-collections/3.2.1/commons-collections-3.2.1.jar:/Users/reginabiktimirova/.m2/repository/commons-lang/commons-lang/2.4/commons-lang-2.4.jar:/Users/reginabiktimirova/.m2/repository/commons-httpclient/commons-httpclient/3.1/commons-httpclient-3.1.jar:/Users/reginabiktimirova/.m2/repository/net/sourceforge/htmlunit/htmlunit-core-js/2.6/htmlunit-core-js-2.6.jar:/Users/reginabiktimirova/.m2/repository/xerces/xercesImpl/2.9.1/xercesImpl-2.9.1.jar:/Users/reginabiktimirova/.m2/repository/xml-apis/xml-apis/1.3.04/xml-apis-1.3.04.jar:/Users/reginabiktimirova/.m2/repository/net/sourceforge/nekohtml/nekohtml/1.9.13/nekohtml-1.9.13.jar:/Users/reginabiktimirova/.m2/repository/net/sourceforge/cssparser/cssparser/0.9.5/cssparser-0.9.5.jar:/Users/reginabiktimirova/.m2/repository/org/w3c/css/sac/1.3/sac-1.3.jar:/Users/reginabiktimirova/.m2/repository/io/cucumber/cucumber-java/4.2.0/cucumber-java-4.2.0.jar:/Users/reginabiktimirova/.m2/repository/io/cucumber/cucumber-core/4.2.0/cucumber-core-4.2.0.jar:/Users/reginabiktimirova/.m2/repository/io/cucumber/cucumber-html/0.2.7/cucumber-html-0.2.7.jar:/Users/reginabiktimirova/.m2/repository/io/cucumber/gherkin/5.1.0/gherkin-5.1.0.jar:/Users/reginabiktimirova/.m2/repository/io/cucumber/tag-expressions/1.1.1/tag-expressions-1.1.1.jar:/Users/reginabiktimirova/.m2/repository/io/cucumber/cucumber-expressions/6.2.0/cucumber-expressions-6.2.0.jar:/Users/reginabiktimirova/.m2/repository/io/cucumber/datatable/1.1.7/datatable-1.1.7.jar:/Users/reginabiktimirova/.m2/repository/io/cucumber/datatable-dependencies/1.1.7/datatable-dependencies-1.1.7.jar:/Users/reginabiktimirova/.m2/repository/io/cucumber/cucumber-junit/4.2.0/cucumber-junit-4.2.0.jar:/Users/reginabiktimirova/.m2/repository/junit/junit/4.12/junit-4.12.jar:/Users/reginabiktimirova/.m2/repository/org/hamcrest/hamcrest-core/1.3/hamcrest-core-1.3.jar:"/>
    <property name="java.vm.vendor" value="Homebrew"/>
    <property name="sun.arch.data.model" value="64"/>
    <property name="java.vendor.url" value="https://github.com/Homebrew/homebrew-core/issues"/>
    <property name="os.name" value="Mac OS X"/>
    <property name="java.vm.specification.version" value="18"/>
    <property name="sun.java.launcher" value="SUN_STANDARD"/>
    <property name="user.country" value="US"/>
    <property name="sun.boot.library.path" value="/opt/homebrew/Cellar/openjdk/18.0.1/libexec/openjdk.jdk/Contents/Home/lib"/>
    <property name="sun.java.command" value="/Users/reginabiktimirova/IdeaProjects/cucumber_framework/target/surefire/surefirebooter5526353896524721640.jar /Users/reginabiktimirova/IdeaProjects/cucumber_framework/target/surefire 2022-06-21T20-34-56_623-jvmRun1 surefire10463512911892297180tmp surefire_08308100496907813636tmp"/>
    <property name="http.nonProxyHosts" value="local|*.local|169.254/16|*.169.254/16"/>
    <property name="jdk.debug" value="release"/>
    <property name="surefire.test.class.path" value="/Users/reginabiktimirova/IdeaProjects/cucumber_framework/target/test-classes:/Users/reginabiktimirova/IdeaProjects/cucumber_framework/target/classes:/Users/reginabiktimirova/.m2/repository/org/seleniumhq/selenium/selenium-java/3.141.59/selenium-java-3.141.59.jar:/Users/reginabiktimirova/.m2/repository/org/seleniumhq/selenium/selenium-api/3.141.59/selenium-api-3.141.59.jar:/Users/reginabiktimirova/.m2/repository/org/seleniumhq/selenium/selenium-chrome-driver/3.141.59/selenium-chrome-driver-3.141.59.jar:/Users/reginabiktimirova/.m2/repository/org/seleniumhq/selenium/selenium-edge-driver/3.141.59/selenium-edge-driver-3.141.59.jar:/Users/reginabiktimirova/.m2/repository/org/seleniumhq/selenium/selenium-firefox-driver/3.141.59/selenium-firefox-driver-3.141.59.jar:/Users/reginabiktimirova/.m2/repository/org/seleniumhq/selenium/selenium-ie-driver/3.141.59/selenium-ie-driver-3.141.59.jar:/Users/reginabiktimirova/.m2/repository/org/seleniumhq/selenium/selenium-opera-driver/3.141.59/selenium-opera-driver-3.141.59.jar:/Users/reginabiktimirova/.m2/repository/org/seleniumhq/selenium/selenium-remote-driver/3.141.59/selenium-remote-driver-3.141.59.jar:/Users/reginabiktimirova/.m2/repository/org/seleniumhq/selenium/selenium-safari-driver/3.141.59/selenium-safari-driver-3.141.59.jar:/Users/reginabiktimirova/.m2/repository/org/seleniumhq/selenium/selenium-support/3.141.59/selenium-support-3.141.59.jar:/Users/reginabiktimirova/.m2/repository/net/bytebuddy/byte-buddy/1.8.15/byte-buddy-1.8.15.jar:/Users/reginabiktimirova/.m2/repository/org/apache/commons/commons-exec/1.3/commons-exec-1.3.jar:/Users/reginabiktimirova/.m2/repository/com/google/guava/guava/25.0-jre/guava-25.0-jre.jar:/Users/reginabiktimirova/.m2/repository/com/google/code/findbugs/jsr305/1.3.9/jsr305-1.3.9.jar:/Users/reginabiktimirova/.m2/repository/org/checkerframework/checker-compat-qual/2.0.0/checker-compat-qual-2.0.0.jar:/Users/reginabiktimirova/.m2/repository/com/google/errorprone/error_prone_annotations/2.1.3/error_prone_annotations-2.1.3.jar:/Users/reginabiktimirova/.m2/repository/com/google/j2objc/j2objc-annotations/1.1/j2objc-annotations-1.1.jar:/Users/reginabiktimirova/.m2/repository/org/codehaus/mojo/animal-sniffer-annotations/1.14/animal-sniffer-annotations-1.14.jar:/Users/reginabiktimirova/.m2/repository/com/squareup/okhttp3/okhttp/3.11.0/okhttp-3.11.0.jar:/Users/reginabiktimirova/.m2/repository/com/squareup/okio/okio/1.14.0/okio-1.14.0.jar:/Users/reginabiktimirova/.m2/repository/io/github/bonigarcia/webdrivermanager/3.8.1/webdrivermanager-3.8.1.jar:/Users/reginabiktimirova/.m2/repository/org/slf4j/slf4j-api/1.7.25/slf4j-api-1.7.25.jar:/Users/reginabiktimirova/.m2/repository/commons-io/commons-io/2.6/commons-io-2.6.jar:/Users/reginabiktimirova/.m2/repository/com/google/code/gson/gson/2.8.5/gson-2.8.5.jar:/Users/reginabiktimirova/.m2/repository/org/apache/commons/commons-lang3/3.8.1/commons-lang3-3.8.1.jar:/Users/reginabiktimirova/.m2/repository/org/apache/httpcomponents/httpclient/4.5.6/httpclient-4.5.6.jar:/Users/reginabiktimirova/.m2/repository/org/apache/httpcomponents/httpcore/4.4.10/httpcore-4.4.10.jar:/Users/reginabiktimirova/.m2/repository/commons-logging/commons-logging/1.2/commons-logging-1.2.jar:/Users/reginabiktimirova/.m2/repository/commons-codec/commons-codec/1.10/commons-codec-1.10.jar:/Users/reginabiktimirova/.m2/repository/org/rauschig/jarchivelib/1.0.0/jarchivelib-1.0.0.jar:/Users/reginabiktimirova/.m2/repository/org/apache/commons/commons-compress/1.18/commons-compress-1.18.jar:/Users/reginabiktimirova/.m2/repository/org/jsoup/jsoup/1.11.3/jsoup-1.11.3.jar:/Users/reginabiktimirova/.m2/repository/net/sourceforge/htmlunit/webdriver/2.6/webdriver-2.6.jar:/Users/reginabiktimirova/.m2/repository/org/seleniumhq/webdriver/webdriver-common/0.9.7089/webdriver-common-0.9.7089.jar:/Users/reginabiktimirova/.m2/repository/net/sourceforge/htmlunit/htmlunit/2.6/htmlunit-2.6.jar:/Users/reginabiktimirova/.m2/repository/xalan/xalan/2.7.1/xalan-2.7.1.jar:/Users/reginabiktimirova/.m2/repository/xalan/serializer/2.7.1/serializer-2.7.1.jar:/Users/reginabiktimirova/.m2/repository/commons-collections/commons-collections/3.2.1/commons-collections-3.2.1.jar:/Users/reginabiktimirova/.m2/repository/commons-lang/commons-lang/2.4/commons-lang-2.4.jar:/Users/reginabiktimirova/.m2/repository/commons-httpclient/commons-httpclient/3.1/commons-httpclient-3.1.jar:/Users/reginabiktimirova/.m2/repository/net/sourceforge/htmlunit/htmlunit-core-js/2.6/htmlunit-core-js-2.6.jar:/Users/reginabiktimirova/.m2/repository/xerces/xercesImpl/2.9.1/xercesImpl-2.9.1.jar:/Users/reginabiktimirova/.m2/repository/xml-apis/xml-apis/1.3.04/xml-apis-1.3.04.jar:/Users/reginabiktimirova/.m2/repository/net/sourceforge/nekohtml/nekohtml/1.9.13/nekohtml-1.9.13.jar:/Users/reginabiktimirova/.m2/repository/net/sourceforge/cssparser/cssparser/0.9.5/cssparser-0.9.5.jar:/Users/reginabiktimirova/.m2/repository/org/w3c/css/sac/1.3/sac-1.3.jar:/Users/reginabiktimirova/.m2/repository/io/cucumber/cucumber-java/4.2.0/cucumber-java-4.2.0.jar:/Users/reginabiktimirova/.m2/repository/io/cucumber/cucumber-core/4.2.0/cucumber-core-4.2.0.jar:/Users/reginabiktimirova/.m2/repository/io/cucumber/cucumber-html/0.2.7/cucumber-html-0.2.7.jar:/Users/reginabiktimirova/.m2/repository/io/cucumber/gherkin/5.1.0/gherkin-5.1.0.jar:/Users/reginabiktimirova/.m2/repository/io/cucumber/tag-expressions/1.1.1/tag-expressions-1.1.1.jar:/Users/reginabiktimirova/.m2/repository/io/cucumber/cucumber-expressions/6.2.0/cucumber-expressions-6.2.0.jar:/Users/reginabiktimirova/.m2/repository/io/cucumber/datatable/1.1.7/datatable-1.1.7.jar:/Users/reginabiktimirova/.m2/repository/io/cucumber/datatable-dependencies/1.1.7/datatable-dependencies-1.1.7.jar:/Users/reginabiktimirova/.m2/repository/io/cucumber/cucumber-junit/4.2.0/cucumber-junit-4.2.0.jar:/Users/reginabiktimirova/.m2/repository/junit/junit/4.12/junit-4.12.jar:/Users/reginabiktimirova/.m2/repository/org/hamcrest/hamcrest-core/1.3/hamcrest-core-1.3.jar:"/>
    <property name="sun.cpu.endian" value="little"/>
    <property name="user.home" value="/Users/reginabiktimirova"/>
    <property name="user.language" value="en"/>
    <property name="java.specification.vendor" value="Oracle Corporation"/>
    <property name="java.version.date" value="2022-04-19"/>
    <property name="java.home" value="/opt/homebrew/Cellar/openjdk/18.0.1/libexec/openjdk.jdk/Contents/Home"/>
    <property name="file.separator" value="/"/>
    <property name="basedir" value="/Users/reginabiktimirova/IdeaProjects/cucumber_framework"/>
    <property name="java.vm.compressedOopsMode" value="Zero based"/>
    <property name="line.separator" value="&#10;"/>
    <property name="java.vm.specification.vendor" value="Oracle Corporation"/>
    <property name="java.specification.name" value="Java Platform API Specification"/>
    <property name="apple.awt.application.name" value="ForkedBooter"/>
    <property name="surefire.real.class.path" value="/Users/reginabiktimirova/IdeaProjects/cucumber_framework/target/surefire/surefirebooter5526353896524721640.jar"/>
    <property name="sun.management.compiler" value="HotSpot 64-Bit Tiered Compilers"/>
    <property name="ftp.nonProxyHosts" value="local|*.local|169.254/16|*.169.254/16"/>
    <property name="java.runtime.version" value="18.0.1+0"/>
    <property name="user.name" value="reginabiktimirova"/>
    <property name="path.separator" value=":"/>
    <property name="os.version" value="12.2"/>
    <property name="java.runtime.name" value="OpenJDK Runtime Environment"/>
    <property name="file.encoding" value="UTF-8"/>
    <property name="java.vm.name" value="OpenJDK 64-Bit Server VM"/>
    <property name="java.vendor.version" value="Homebrew"/>
    <property name="localRepository" value="/Users/reginabiktimirova/.m2/repository"/>
    <property name="cucumber.options" value="--tags @Regression"/>
    <property name="java.vendor.url.bug" value="https://github.com/Homebrew/homebrew-core/issues"/>
    <property name="java.io.tmpdir" value="/var/folders/52/qhwbj7gn7y71h9lb75bf48700000gn/T/"/>
    <property name="java.version" value="18.0.1"/>
    <property name="user.dir" value="/Users/reginabiktimirova/IdeaProjects/cucumber_framework"/>
    <property name="os.arch" value="aarch64"/>
    <property name="java.vm.specification.name" value="Java Virtual Machine Specification"/>
    <property name="native.encoding" value="UTF-8"/>
    <property name="java.library.path" value="/Users/reginabiktimirova/Library/Java/Extensions:/Library/Java/Extensions:/Network/Library/Java/Extensions:/System/Library/Java/Extensions:/usr/lib/java:."/>
    <property name="java.vm.info" value="mixed mode, sharing"/>
    <property name="java.vendor" value="Homebrew"/>
    <property name="java.vm.version" value="18.0.1+0"/>
    <property name="sun.io.unicode.encoding" value="UnicodeBig"/>
    <property name="socksNonProxyHosts" value="local|*.local|169.254/16|*.169.254/16"/>
    <property name="java.class.version" value="62.0"/>
  </properties>
  <testcase name="Validate Google search" classname="Google Search Functionality" time="23.227"/>
  <testcase name="Validate Google search results" classname="Google Search Functionality" time="19.412"/>
  <testcase name="Validate add/remove element page" classname="HeroApp Functionalities" time="8.361">
    <error message="The heading3 text is not defined properly in the feature file!!!&#10;Build info: version: &apos;3.141.59&apos;, revision: &apos;e82be7d358&apos;, time: &apos;2018-11-14T08:17:03&apos;&#10;System info: host: &apos;Reginas-MacBook-Pro.local&apos;, ip: &apos;2600:1008:b121:ee3:f807:6e6e:bf14:e054%en0&apos;, os.name: &apos;Mac OS X&apos;, os.arch: &apos;aarch64&apos;, os.version: &apos;12.2&apos;, java.version: &apos;18.0.1&apos;&#10;Driver info: driver.version: unknown" type="org.openqa.selenium.NotFoundException">org.openqa.selenium.NotFoundException: 
The heading3 text is not defined properly in the feature file!!!
Build info: version: '3.141.59', revision: 'e82be7d358', time: '2018-11-14T08:17:03'
System info: host: 'Reginas-MacBook-Pro.local', ip: '2600:1008:b121:ee3:f807:6e6e:bf14:e054%en0', os.name: 'Mac OS X', os.arch: 'aarch64', os.version: '12.2', java.version: '18.0.1'
Driver info: driver.version: unknown
</error>
    <system-out><![CDATA[Scenario = Validate add/remove element page
status = FAILED
]]></system-out>
    <system-err><![CDATA[Starting ChromeDriver 102.0.5005.61 (0e59bcc00cc4985ce39ad31c150065f159d95ad3-refs/branch-heads/5005@{#819}) on port 32980
Only local connections are allowed.
Please see https://chromedriver.chromium.org/security-considerations for suggestions on keeping ChromeDriver safe.
ChromeDriver was started successfully.
Jun 21, 2022 8:35:41 PM org.openqa.selenium.remote.ProtocolHandshake createSession
INFO: Detected dialect: W3C
]]></system-err>
  </testcase>
  <testcase name="Validate context menu page" classname="HeroApp Functionalities" time="9.651"/>
  <testcase name="Validate Wiki search" classname="Wiki Search Functionality" time="12.863"/>
  <testcase name="Validate Wiki search" classname="Wiki Search Functionality" time="11.81"/>
  <testcase name="Validate Wiki search" classname="Wiki Search Functionality" time="12.027">
    <failure type="java.lang.AssertionError">java.lang.AssertionError
</failure>
    <system-out><![CDATA[Scenario = Validate Wiki search
status = FAILED
]]></system-out>
    <system-err><![CDATA[Starting ChromeDriver 102.0.5005.61 (0e59bcc00cc4985ce39ad31c150065f159d95ad3-refs/branch-heads/5005@{#819}) on port 33348
Only local connections are allowed.
Please see https://chromedriver.chromium.org/security-considerations for suggestions on keeping ChromeDriver safe.
ChromeDriver was started successfully.
Jun 21, 2022 8:36:24 PM org.openqa.selenium.remote.ProtocolHandshake createSession
INFO: Detected dialect: W3C
]]></system-err>
  </testcase>
  <testcase name="Validate Wiki search" classname="Wiki Search Functionality" time="9.812"/>
  <testcase name="Validate Wiki search" classname="Wiki Search Functionality" time="9.431"/>
  <testcase name="Validate Wiki search" classname="Wiki Search Functionality" time="9.815"/>
</testsuite>